The Legend of Zelda: Breath of the Wild
Super Mario Odyssey
Grand Theft Auto V
Red Dead Redemption 2
The Witcher 3: Wild Hunt
Minecraft
Fortnite
Call of Duty: Modern Warfare
Overwatch
Apex Legends
League of Legends
Counter-Strike: Global Offensive
Valorant
Animal Crossing: New Horizons
Among Us
Skyrim
Dark Souls III
Bloodborne
Sekiro: Shadows Die Twice
Horizon Zero Dawn
God of War (2018)
Uncharted 4: A Thief’s End
Metal Gear Solid V: The Phantom Pain
Resident Evil 2 (Remake)
Assassin’s Creed Odyssey
Assassin’s Creed Valhalla
Final Fantasy VII Remake
Persona 5
Ghost of Tsushima
Cyberpunk 2077
Death Stranding
The Last of Us Part II
Super Smash Bros. Ultimate
Rocket League
Diablo III
World of Warcraft
Dark Souls
Bloodborne
NieR: Automata
Monster Hunter: World
Celeste
Hades
Stardew Valley
Hollow Knight
Cuphead
Undertale
Cuphead
Subnautica
Journey
Control
The Division 2
Destiny 2
Rainbow Six Siege
Watch Dogs: Legion
Far Cry 5
Metro Exodus
The Outer Worlds
Borderlands 3
Rocket League
Fifa 23
NBA 2K23
Madden NFL 23
MLB The Show 23
Gran Turismo 7
Forza Horizon 5
Need for Speed Heat
Wreckfest
Street Fighter V
Mortal Kombat 11
Tekken 7
Super Mario Kart 8 Deluxe
Mario Party Superstars
Animal Crossing: New Horizons
Luigi’s Mansion 3
Fire Emblem: Three Houses
Xenoblade Chronicles 2
Bayonetta 3
Astral Chain
Hyrule Warriors: Age of Calamity
Metroid Dread
Final Fantasy XIV
Star Wars Jedi: Fallen Order
Battlefront II
Star Wars: Squadrons
The Sims 4
Civilization VI
Age of Empires IV
Total War: Three Kingdoms
XCOM 2
Crusader Kings III
RimWorld
Slay the Spire
Factorio
Kerbal Space Program
RimWorld
Oxygen Not Included
Planet Coaster
Cities: Skylines
Tropico 6
Parkitect
No Man’s Sky
Elite Dangerous
Starbound
Terraria
Don't Starve
The Binding of Isaac
Enter the Gungeon
Dead Cells
Rogue Legacy
Slay the Spire
Risk of Rain 2
Spelunky 2
A Hat in Time
Yakuza: Like a Dragon
Dragon Quest XI
Ni no Kuni II
Octopath Traveler
Final Fantasy XV
Tales of Arise
Atelier Ryza 2
Persona 4 Golden
Danganronpa V3
The Legend of Heroes: Trails of Cold Steel IV
Fire Emblem: Awakening
Bravely Default II
Xenoblade Chronicles X
RuneScape
Old School RuneScape
World of Tanks
World of Warships
Warframe
Genshin Impact
Honkai Impact 3rd
Dauntless
Path of Exile
Magic: The Gathering Arena
Hearthstone
Legends of Runeterra
Duel Links
Slay the Spire
Forza Motorsport 7
Gran Turismo Sport
Assetto Corsa
iRacing
RIDE 4
DIRT 5
WRC 10
F1 22
MotoGP 21
Project Cars 3