Oppenheimer (2023)
Barbie (2023)
Dune: Part Two (2023)
Spider-Man: Across the Spider-Verse (2023)
Avatar: The Way of Water (2022)
Top Gun: Maverick (2022)
Everything Everywhere All at Once (2022)
The Batman (2022)
Black Panther: Wakanda Forever (2022)
No Time to Die (2021)
Dune (2021)
Spider-Man: No Way Home (2021)
West Side Story (2021)
The French Dispatch (2021)
Judas and the Black Messiah (2021)
Nomadland (2020)
The Trial of the Chicago 7 (2020)
Tenet (2020)
Soul (2020)
Parasite (2019)
Once Upon a Time in Hollywood (2019)
1917 (2019)
Joker (2019)
Avengers: Endgame (2019)
Spider-Man: Far From Home (2019)
The Lion King (2019)
Frozen II (2019)
Jojo Rabbit (2019)
Knives Out (2019)
A Star Is Born (2018)
Black Panther (2018)
Avengers: Infinity War (2018)
Bohemian Rhapsody (2018)
Spider-Man: Into the Spider-Verse (2018)
The Shape of Water (2017)
Get Out (2017)
Dunkirk (2017)
Lady Bird (2017)
Three Billboards Outside Ebbing, Missouri (2017)
Wonder Woman (2017)
La La Land (2016)
Moonlight (2016)
Arrival (2016)
Manchester by the Sea (2016)
Hidden Figures (2016)
Deadpool (2016)
Mad Max: Fury Road (2015)
The Revenant (2015)
Spotlight (2015)
Inside Out (2015)
Ex Machina (2014)
Birdman (2014)
The Grand Budapest Hotel (2014)
Interstellar (2014)
Guardians of the Galaxy (2014)
Frozen (2013)
12 Years a Slave (2013)
Gravity (2013)
The Wolf of Wall Street (2013)
Argo (2012)
Skyfall (2012)
The Avengers (2012)
The Hunger Games (2012)
Inception (2010)
The Social Network (2010)
Toy Story 3 (2010)
Black Swan (2010)
Up (2009)
Avatar (2009)
Inglourious Basterds (2009)
The Hurt Locker (2008)
Slumdog Millionaire (2008)
The Dark Knight (2008)
No Country for Old Men (2007)
The Departed (2006)
The Lives of Others (2006)
Pan’s Labyrinth (2006)
Casino Royale (2006)
Brokeback Mountain (2005)
Crash (2005)
The Incredibles (2004)
Eternal Sunshine of the Spotless Mind (2004)
Lord of the Rings: Return of the King (2003)
Finding Nemo (2003)
The Pianist (2002)
A Beautiful Mind (2001)
Gladiator (2000)
Memento (2000)
The Matrix (1999)
American Beauty (1999)
The Sixth Sense (1999)
Saving Private Ryan (1998)
Titanic (1997)
The English Patient (1996)
Pulp Fiction (1994)
The Shawshank Redemption (1994)
Schindler’s List (1993)
Jurassic Park (1993)
The Silence of the Lambs (1991)
Goodfellas (1990)
Back to the Future Part III (1990)
The Abyss (1989)
Die Hard (1988)
E.T. the Extra-Terrestrial (1982)
Raiders of the Lost Ark (1981)
Star Wars: Episode IV - A New Hope (1977)
The Godfather Part II (1974)
The Godfather (1972)
2001: A Space Odyssey (1968)
Lawrence of Arabia (1962)
Ben-Hur (1959)
Rear Window (1954)
Casablanca (1942)
Gone with the Wind (1939)
The Wizard of Oz (1939)
The Maltese Falcon (1931)
City Lights (1931)
The Birth of a Nation (1915)
Metropolis (1927)
The Cabinet of Dr. Caligari (1920)
Nosferatu (1922)
The Phantom of the Opera (1925)
Intolerance (1916)
The Gold Rush (1925)
The Great Train Robbery (1903)
A Trip to the Moon (1902)
The Jazz Singer (1927)
Modern Times (1936)
To Kill a Mockingbird (1962)
The Bridge on the River Kwai (1957)
On the Waterfront (1954)
Sunset Boulevard (1950)
All About Eve (1950)
The Best Years of Our Lives (1946)
It's a Wonderful Life (1946)
Citizen Kane (1941)
The Grapes of Wrath (1940)
Mr. Smith Goes to Washington (1939)
Gone with the Wind (1939)
The Public Enemy (1931)
The Birth of a Nation (1915)
The Kid (1921)
The Last Picture Show (1971)
The Sting (1973)
The French Connection (1971)
Chinatown (1974)
One Flew Over the Cuckoo’s Nest (1975)
Taxi Driver (1976)
Annie Hall (1977)
Apocalypse Now (1979)