Marado
Messi
Di Stéfano
Riquelme
Batistuta
Ortega
Passarella
ochini
Menotti
Di María
Tévez
Mascherano
Agüero
Ayala
Crespo
Berizzo
Ardiles
Luque
Kempes
Zanetti
Redondo
Fillol
Romero
Palermo
Aimar
Otamendi
Rodríguez
Caniggia
Cambiasso
simeone
La Volpe
Perfumo
Larrosa
Ruggeri
Dezotti
Martínez
Gaitán
Guglielminpietro
Olarticoechea
Carbonari
Heinze
ortega
Salvio
Verón
Lavezzi
Gago
Rojo
Baptista
Bertoni
Artime
Campagnaro
Zanetti
González
López
Sorín
Arzuaga
Hernández
Simón
Zielinski
Alonso
Suárez
Rodríguez
Chale
Carbonari
Bilos
Mastrángelo
Scarone
Labruna
Bilardo
